INFO:sim:172 - Generating IP...
Applying current project options...
Finished applying current project options.
WARNING:sim - A core named 'mem_instr' already exists in the project. Output
   products for this core may be overwritten.
Resolving generics for 'mem_instr'...
WARNING:sim - A core named 'mem_instr' already exists in the project. Output
   products for this core may be overwritten.
Applying external generics to 'mem_instr'...
Delivering associated files for 'mem_instr'...
Delivering EJava files for 'mem_instr'...
Generating implementation netlist for 'mem_instr'...
INFO:sim - Pre-processing HDL files for 'mem_instr'...
Running synthesis for 'mem_instr'
Running ngcbuild...
Writing VEO instantiation template for 'mem_instr'...
Writing Verilog behavioral simulation model for 'mem_instr'...
WARNING:sim - Overwriting existing file
   C:/Users/ydz/Desktop/cod/mips_one_cycle_cpu/ipcore_dir/tmp/_cg/mem_instr/doc/
   dist_mem_gen_v7_2_vinfo.html with file from view xilinx_documentation
Delivered 2 files into directory
C:/Users/ydz/Desktop/cod/mips_one_cycle_cpu/ipcore_dir/tmp/_cg/mem_instr
Generating ASY schematic symbol...
INFO:sim:949 - Finished generation of ASY schematic symbol.
Generating SYM schematic symbol for 'mem_instr'...
Generating metadata file...
Regenerating ISE project file for 'mem_instr'...
Generating ISE project...
XCO file found: mem_instr.xco
XMDF file found: mem_instr_xmdf.tcl
Adding
C:/Users/ydz/Desktop/cod/mips_one_cycle_cpu/ipcore_dir/tmp/_cg/mem_instr.asy
-view all -origin_type imported
Adding
C:/Users/ydz/Desktop/cod/mips_one_cycle_cpu/ipcore_dir/tmp/_cg/mem_instr.ngc
-view all -origin_type created
Checking file
"C:/Users/ydz/Desktop/cod/mips_one_cycle_cpu/ipcore_dir/tmp/_cg/mem_instr.ngc"
for project device match ...
File
"C:/Users/ydz/Desktop/cod/mips_one_cycle_cpu/ipcore_dir/tmp/_cg/mem_instr.ngc"
device information matches project device.
Adding
C:/Users/ydz/Desktop/cod/mips_one_cycle_cpu/ipcore_dir/tmp/_cg/mem_instr.sym
-view all -origin_type imported
Adding
C:/Users/ydz/Desktop/cod/mips_one_cycle_cpu/ipcore_dir/tmp/_cg/mem_instr.v -view
all -origin_type created
INFO:HDLCompiler:1845 - Analyzing Verilog file
   "C:/Users/ydz/Desktop/cod/mips_one_cycle_cpu/ipcore_dir/tmp/_cg/mem_instr.v"
   into library work
INFO:ProjectMgmt - Parsing design hierarchy completed successfully.
Adding
C:/Users/ydz/Desktop/cod/mips_one_cycle_cpu/ipcore_dir/tmp/_cg/mem_instr.veo
-view all -origin_type imported
INFO:TclTasksC:2116 - The automatic calculation of top has been turned-off.
   Please set the new top explicitly by running the "project set top" command.
   To re-calculate the new top automatically, set the "Auto Implementation Top"
   property to true.
Top level has been set to "/mem_instr"
Generating README file...
Generating FLIST file...
INFO:sim:948 - Finished FLIST file generation.
Launching README viewer...
Moving files to output directory...
Finished moving files to output directory
Wrote CGP file for project 'mem_instr'.
