Running: C:\Xilinx\14.7\ISE_DS\ISE\bin\nt64\unwrapped\fuse.exe -intstyle ise -incremental -lib unisims_ver -lib unimacro_ver -lib xilinxcorelib_ver -o C:/Users/ydz/Desktop/cod/MIPS_multicycle_cpu/test_isim_beh.exe -prj C:/Users/ydz/Desktop/cod/MIPS_multicycle_cpu/test_beh.prj work.test work.glbl 
ISim P.20131013 (signature 0x7708f090)
Number of CPUs detected in this system: 4
Turning on mult-threading, number of parallel sub-compilation jobs: 8 
Determining compilation order of HDL files
Analyzing Verilog file "C:/Users/ydz/Desktop/cod/MIPS_multicycle_cpu/sign_extend.v" into library work
Analyzing Verilog file "C:/Users/ydz/Desktop/cod/MIPS_multicycle_cpu/regfile.v" into library work
Analyzing Verilog file "C:/Users/ydz/Desktop/cod/MIPS_multicycle_cpu/pc.v" into library work
Analyzing Verilog file "C:/Users/ydz/Desktop/cod/MIPS_multicycle_cpu/ipcore_dir/memory.v" into library work
Analyzing Verilog file "C:/Users/ydz/Desktop/cod/MIPS_multicycle_cpu/cu.v" into library work
Analyzing Verilog file "C:/Users/ydz/Desktop/cod/MIPS_multicycle_cpu/alu.v" into library work
Analyzing Verilog file "C:/Users/ydz/Desktop/cod/MIPS_multicycle_cpu/top.v" into library work
Analyzing Verilog file "C:/Users/ydz/Desktop/cod/MIPS_multicycle_cpu/test.v" into library work
Analyzing Verilog file "C:/Xilinx/14.7/ISE_DS/ISE//verilog/src/glbl.v" into library work
Starting static elaboration
Completed static elaboration
Compiling module sign_extend
Compiling module reg_file
Compiling module alu
Compiling module BLK_MEM_GEN_V7_3_output_stage(C_...
Compiling module BLK_MEM_GEN_V7_3_softecc_output_...
Compiling module BLK_MEM_GEN_V7_3_mem_module(C_CO...
Compiling module BLK_MEM_GEN_V7_3(C_FAMILY="spart...
Compiling module memory
Compiling module pc
Compiling module cu
Compiling module top
Compiling module test
Compiling module glbl
Time Resolution for simulation is 1ps.
Waiting for 6 sub-compilation(s) to finish...
Compiled 13 Verilog Units
Built simulation executable C:/Users/ydz/Desktop/cod/MIPS_multicycle_cpu/test_isim_beh.exe
Fuse Memory Usage: 31712 KB
Fuse CPU Usage: 796 ms
